c:\users\erhan\source\repos\engınar\engınar\x64\debug\vc142.pdb
c:\users\erhan\source\repos\engınar\engınar\x64\debug\vc142.ıdb
c:\users\erhan\source\repos\engınar\engınar\x64\debug\wındow.obj
c:\users\erhan\source\repos\engınar\engınar\x64\debug\maın.obj
c:\users\erhan\source\repos\engınar\engınar\x64\debug\game.obj
c:\users\erhan\source\repos\engınar\engınar\x64\debug\engınar.ılk
c:\users\erhan\source\repos\engınar\x64\debug\engınar.exe
c:\users\erhan\source\repos\engınar\x64\debug\engınar.pdb
c:\users\erhan\source\repos\enginar\enginar\x64\debug\game.obj
c:\users\erhan\source\repos\enginar\enginar\x64\debug\main.obj
c:\users\erhan\source\repos\enginar\enginar\x64\debug\window.obj
c:\users\erhan\source\repos\enginar\enginar\x64\debug\enginar.ilk
c:\users\erhan\source\repos\enginar\enginar\x64\debug\vc142.idb
c:\users\erhan\source\repos\enginar\enginar\x64\debug\vc142.pdb
c:\users\erhan\source\repos\enginar\x64\debug\enginar.pdb
c:\users\erhan\source\repos\enginar\x64\debug\enginar.exe
c:\users\erhan\source\repos\enginar\enginar\x64\debug\enginar.tlog\cl.command.1.tlog
c:\users\erhan\source\repos\enginar\enginar\x64\debug\enginar.tlog\cl.read.1.tlog
c:\users\erhan\source\repos\enginar\enginar\x64\debug\enginar.tlog\cl.write.1.tlog
c:\users\erhan\source\repos\enginar\enginar\x64\debug\enginar.tlog\link.command.1.tlog
c:\users\erhan\source\repos\enginar\enginar\x64\debug\enginar.tlog\link.read.1.tlog
c:\users\erhan\source\repos\enginar\enginar\x64\debug\enginar.tlog\link.write.1.tlog
